{"/home/brian/Desktop/projects/inprogress/node/nest/academia/server/src/app.controller.ts": {"path":"/home/brian/Desktop/projects/inprogress/node/nest/academia/server/src/app.controller.ts","statementMap":{"0":{"start":{"line":1,"column":0},"end":{"line":1,"column":49}},"1":{"start":{"line":2,"column":0},"end":{"line":2,"column":43}},"2":{"start":{"line":5,"column":0},"end":{"line":12,"column":null}},"3":{"start":{"line":6,"column":31},"end":{"line":6,"column":43}},"4":{"start":{"line":10,"column":4},"end":{"line":10,"column":38}},"5":{"start":{"line":9,"column":2},"end":{"line":11,"column":null}},"6":{"start":{"line":5,"column":13},"end":{"line":12,"column":null}},"7":{"start":{"line":5,"column":13},"end":{"line":5,"column":26}}},"fnMap":{"0":{"name":"(anonymous_2)","decl":{"start":{"line":6,"column":2},"end":{"line":6,"column":31}},"loc":{"start":{"line":6,"column":53},"end":{"line":6,"column":57}}},"1":{"name":"(anonymous_3)","decl":{"start":{"line":9,"column":2},"end":{"line":9,"column":10}},"loc":{"start":{"line":9,"column":10},"end":{"line":11,"column":3}}}},"branchMap":{},"s":{"0":1,"1":1,"2":1,"3":1,"4":1,"5":1,"6":1,"7":1},"f":{"0":1,"1":1},"b":{}}
,"/home/brian/Desktop/projects/inprogress/node/nest/academia/server/src/app.service.ts": {"path":"/home/brian/Desktop/projects/inprogress/node/nest/academia/server/src/app.service.ts","statementMap":{"0":{"start":{"line":1,"column":0},"end":{"line":1,"column":44}},"1":{"start":{"line":4,"column":0},"end":{"line":8,"column":null}},"2":{"start":{"line":6,"column":4},"end":{"line":6,"column":26}},"3":{"start":{"line":4,"column":13},"end":{"line":8,"column":null}},"4":{"start":{"line":4,"column":13},"end":{"line":4,"column":23}}},"fnMap":{"0":{"name":"(anonymous_1)","decl":{"start":{"line":5,"column":2},"end":{"line":5,"column":10}},"loc":{"start":{"line":5,"column":10},"end":{"line":7,"column":3}}}},"branchMap":{},"s":{"0":1,"1":1,"2":1,"3":1,"4":1},"f":{"0":1},"b":{}}
,"/home/brian/Desktop/projects/inprogress/node/nest/academia/server/src/auth/auth.repository.ts": {"path":"/home/brian/Desktop/projects/inprogress/node/nest/academia/server/src/auth/auth.repository.ts","statementMap":{"0":{"start":{"line":2,"column":0},"end":{"line":2,"column":71}},"1":{"start":{"line":3,"column":0},"end":{"line":3,"column":35}},"2":{"start":{"line":4,"column":0},"end":{"line":4,"column":36}},"3":{"start":{"line":6,"column":0},"end":{"line":6,"column":54}},"4":{"start":{"line":7,"column":0},"end":{"line":7,"column":40}},"5":{"start":{"line":10,"column":0},"end":{"line":134,"column":null}},"6":{"start":{"line":11,"column":22},"end":{"line":11,"column":35}},"7":{"start":{"line":13,"column":2},"end":{"line":13,"column":54}},"8":{"start":{"line":20,"column":39},"end":{"line":20,"column":43}},"9":{"start":{"line":22,"column":23},"end":{"line":22,"column":71}},"10":{"start":{"line":24,"column":4},"end":{"line":26,"column":null}},"11":{"start":{"line":25,"column":6},"end":{"line":25,"column":80}},"12":{"start":{"line":27,"column":25},"end":{"line":27,"column":56}},"13":{"start":{"line":29,"column":20},"end":{"line":31,"column":null}},"14":{"start":{"line":33,"column":18},"end":{"line":33,"column":60}},"15":{"start":{"line":35,"column":4},"end":{"line":38,"column":6}},"16":{"start":{"line":41,"column":4},"end":{"line":43,"column":7}},"17":{"start":{"line":46,"column":4},"end":{"line":46,"column":58}},"18":{"start":{"line":49,"column":31},"end":{"line":49,"column":35}},"19":{"start":{"line":50,"column":24},"end":{"line":50,"column":64}},"20":{"start":{"line":51,"column":22},"end":{"line":51,"column":74}},"21":{"start":{"line":52,"column":4},"end":{"line":56,"column":8}},"22":{"start":{"line":53,"column":6},"end":{"line":56,"column":8}},"23":{"start":{"line":57,"column":20},"end":{"line":57,"column":42}},"24":{"start":{"line":58,"column":18},"end":{"line":58,"column":49}},"25":{"start":{"line":59,"column":4},"end":{"line":59,"column":40}},"26":{"start":{"line":66,"column":4},"end":{"line":87,"column":null}},"27":{"start":{"line":67,"column":6},"end":{"line":74,"column":null}},"28":{"start":{"line":69,"column":29},"end":{"line":69,"column":68}},"29":{"start":{"line":70,"column":8},"end":{"line":73,"column":10}},"30":{"start":{"line":75,"column":6},"end":{"line":79,"column":null}},"31":{"start":{"line":76,"column":21},"end":{"line":76,"column":52}},"32":{"start":{"line":77,"column":22},"end":{"line":77,"column":60}},"33":{"start":{"line":78,"column":8},"end":{"line":78,"column":80}},"34":{"start":{"line":81,"column":6},"end":{"line":81,"column":57}},"35":{"start":{"line":83,"column":6},"end":{"line":86,"column":8}},"36":{"start":{"line":91,"column":4},"end":{"line":98,"column":null}},"37":{"start":{"line":92,"column":6},"end":{"line":92,"column":67}},"38":{"start":{"line":94,"column":6},"end":{"line":97,"column":8}},"39":{"start":{"line":100,"column":4},"end":{"line":100,"column":71}},"40":{"start":{"line":100,"column":14},"end":{"line":100,"column":71}},"41":{"start":{"line":100,"column":40},"end":{"line":100,"column":49}},"42":{"start":{"line":105,"column":28},"end":{"line":105,"column":39}},"43":{"start":{"line":107,"column":19},"end":{"line":107,"column":43}},"44":{"start":{"line":108,"column":27},"end":{"line":108,"column":65}},"45":{"start":{"line":109,"column":6},"end":{"line":112,"column":8}},"46":{"start":{"line":123,"column":6},"end":{"line":126,"column":8}},"47":{"start":{"line":10,"column":13},"end":{"line":134,"column":null}},"48":{"start":{"line":10,"column":13},"end":{"line":10,"column":27}},"49":{"start":{"line":135,"column":0},"end":{"line":135,"column":30}}},"fnMap":{"0":{"name":"(anonymous_2)","decl":{"start":{"line":11,"column":2},"end":{"line":11,"column":22}},"loc":{"start":{"line":11,"column":50},"end":{"line":11,"column":54}}},"1":{"name":"(anonymous_3)","decl":{"start":{"line":19,"column":2},"end":{"line":19,"column":7}},"loc":{"start":{"line":19,"column":34},"end":{"line":39,"column":3}}},"2":{"name":"(anonymous_4)","decl":{"start":{"line":40,"column":10},"end":{"line":40,"column":15}},"loc":{"start":{"line":40,"column":51},"end":{"line":44,"column":3}}},"3":{"name":"(anonymous_5)","decl":{"start":{"line":45,"column":2},"end":{"line":45,"column":7}},"loc":{"start":{"line":45,"column":60},"end":{"line":47,"column":3}}},"4":{"name":"(anonymous_6)","decl":{"start":{"line":48,"column":2},"end":{"line":48,"column":7}},"loc":{"start":{"line":48,"column":58},"end":{"line":60,"column":3}}},"5":{"name":"(anonymous_7)","decl":{"start":{"line":62,"column":2},"end":{"line":62,"column":7}},"loc":{"start":{"line":64,"column":49},"end":{"line":88,"column":3}}},"6":{"name":"(anonymous_8)","decl":{"start":{"line":89,"column":2},"end":{"line":89,"column":7}},"loc":{"start":{"line":89,"column":63},"end":{"line":101,"column":3}}},"7":{"name":"(anonymous_9)","decl":{"start":{"line":100,"column":33},"end":{"line":100,"column":36}},"loc":{"start":{"line":100,"column":40},"end":{"line":100,"column":49}}},"8":{"name":"(anonymous_10)","decl":{"start":{"line":103,"column":2},"end":{"line":103,"column":7}},"loc":{"start":{"line":103,"column":32},"end":{"line":133,"column":3}}}},"branchMap":{"0":{"loc":{"start":{"line":13,"column":15},"end":{"line":13,"column":37}},"type":"binary-expr","locations":[{"start":{"line":13,"column":15},"end":{"line":13,"column":37}},{"start":{"line":13,"column":41},"end":{"line":13,"column":53}}]},"1":{"loc":{"start":{"line":24,"column":4},"end":{"line":26,"column":null}},"type":"if","locations":[{"start":{"line":24,"column":4},"end":{"line":26,"column":null}},{"start":{"line":24,"column":4},"end":{"line":26,"column":null}}]},"2":{"loc":{"start":{"line":52,"column":4},"end":{"line":56,"column":8}},"type":"if","locations":[{"start":{"line":52,"column":4},"end":{"line":56,"column":8}},{"start":{"line":52,"column":4},"end":{"line":56,"column":8}}]},"3":{"loc":{"start":{"line":67,"column":6},"end":{"line":74,"column":null}},"type":"if","locations":[{"start":{"line":67,"column":6},"end":{"line":74,"column":null}},{"start":{"line":67,"column":6},"end":{"line":74,"column":null}}]},"4":{"loc":{"start":{"line":75,"column":6},"end":{"line":79,"column":null}},"type":"if","locations":[{"start":{"line":75,"column":6},"end":{"line":79,"column":null}},{"start":{"line":75,"column":6},"end":{"line":79,"column":null}}]},"5":{"loc":{"start":{"line":100,"column":4},"end":{"line":100,"column":71}},"type":"if","locations":[{"start":{"line":100,"column":4},"end":{"line":100,"column":71}},{"start":{"line":100,"column":4},"end":{"line":100,"column":71}}]}},"s":{"0":2,"1":2,"2":2,"3":2,"4":2,"5":2,"6":2,"7":2,"8":3,"9":3,"10":3,"11":1,"12":2,"13":2,"14":2,"15":2,"16":4,"17":1,"18":3,"19":3,"20":3,"21":3,"22":1,"23":2,"24":2,"25":2,"26":2,"27":2,"28":1,"29":1,"30":2,"31":1,"32":1,"33":1,"34":2,"35":0,"36":3,"37":3,"38":1,"39":2,"40":2,"41":2,"42":1,"43":1,"44":1,"45":1,"46":1,"47":2,"48":2,"49":2},"f":{"0":2,"1":3,"2":4,"3":1,"4":3,"5":2,"6":3,"7":2,"8":1},"b":{"0":[2,2],"1":[1,2],"2":[1,2],"3":[1,1],"4":[1,1],"5":[2,0]}}
,"/home/brian/Desktop/projects/inprogress/node/nest/academia/server/src/auth/auth.service.ts": {"path":"/home/brian/Desktop/projects/inprogress/node/nest/academia/server/src/auth/auth.service.ts","statementMap":{"0":{"start":{"line":1,"column":0},"end":{"line":1,"column":71}},"1":{"start":{"line":3,"column":0},"end":{"line":3,"column":47}},"2":{"start":{"line":6,"column":0},"end":{"line":87,"column":null}},"3":{"start":{"line":7,"column":31},"end":{"line":7,"column":47}},"4":{"start":{"line":23,"column":4},"end":{"line":39,"column":null}},"5":{"start":{"line":24,"column":30},"end":{"line":24,"column":77}},"6":{"start":{"line":25,"column":6},"end":{"line":33,"column":8}},"7":{"start":{"line":35,"column":6},"end":{"line":38,"column":8}},"8":{"start":{"line":46,"column":4},"end":{"line":46,"column":50}},"9":{"start":{"line":50,"column":4},"end":{"line":50,"column":58}},"10":{"start":{"line":67,"column":4},"end":{"line":70,"column":6}},"11":{"start":{"line":77,"column":4},"end":{"line":77,"column":55}},"12":{"start":{"line":85,"column":4},"end":{"line":85,"column":68}},"13":{"start":{"line":6,"column":13},"end":{"line":87,"column":null}},"14":{"start":{"line":6,"column":13},"end":{"line":6,"column":24}}},"fnMap":{"0":{"name":"(anonymous_2)","decl":{"start":{"line":7,"column":2},"end":{"line":7,"column":31}},"loc":{"start":{"line":7,"column":61},"end":{"line":7,"column":65}}},"1":{"name":"(anonymous_3)","decl":{"start":{"line":12,"column":2},"end":{"line":12,"column":7}},"loc":{"start":{"line":13,"column":20},"end":{"line":40,"column":3}}},"2":{"name":"(anonymous_4)","decl":{"start":{"line":45,"column":2},"end":{"line":45,"column":7}},"loc":{"start":{"line":45,"column":57},"end":{"line":47,"column":3}}},"3":{"name":"(anonymous_5)","decl":{"start":{"line":49,"column":2},"end":{"line":49,"column":7}},"loc":{"start":{"line":49,"column":50},"end":{"line":51,"column":3}}},"4":{"name":"(anonymous_6)","decl":{"start":{"line":57,"column":2},"end":{"line":57,"column":7}},"loc":{"start":{"line":65,"column":5},"end":{"line":71,"column":3}}},"5":{"name":"(anonymous_7)","decl":{"start":{"line":76,"column":2},"end":{"line":76,"column":7}},"loc":{"start":{"line":76,"column":36},"end":{"line":78,"column":3}}},"6":{"name":"(anonymous_8)","decl":{"start":{"line":84,"column":2},"end":{"line":84,"column":7}},"loc":{"start":{"line":84,"column":59},"end":{"line":86,"column":3}}}},"branchMap":{},"s":{"0":1,"1":1,"2":1,"3":1,"4":1,"5":1,"6":1,"7":0,"8":1,"9":0,"10":0,"11":0,"12":1,"13":1,"14":1},"f":{"0":1,"1":1,"2":1,"3":0,"4":0,"5":0,"6":1},"b":{}}
,"/home/brian/Desktop/projects/inprogress/node/nest/academia/server/src/auth/auth_data.service.ts": {"path":"/home/brian/Desktop/projects/inprogress/node/nest/academia/server/src/auth/auth_data.service.ts","statementMap":{"0":{"start":{"line":1,"column":0},"end":{"line":1,"column":44}},"1":{"start":{"line":2,"column":0},"end":{"line":2,"column":47}},"2":{"start":{"line":5,"column":0},"end":{"line":5,"column":33}},"3":{"start":{"line":8,"column":0},"end":{"line":39,"column":null}},"4":{"start":{"line":10,"column":47},"end":{"line":10,"column":58}},"5":{"start":{"line":19,"column":4},"end":{"line":19,"column":60}},"6":{"start":{"line":23,"column":17},"end":{"line":23,"column":41}},"7":{"start":{"line":24,"column":4},"end":{"line":24,"column":29}},"8":{"start":{"line":31,"column":4},"end":{"line":34,"column":13}},"9":{"start":{"line":37,"column":4},"end":{"line":37,"column":69}},"10":{"start":{"line":8,"column":13},"end":{"line":39,"column":null}},"11":{"start":{"line":8,"column":13},"end":{"line":8,"column":28}}},"fnMap":{"0":{"name":"(anonymous_4)","decl":{"start":{"line":9,"column":2},"end":{"line":9,"column":null}},"loc":{"start":{"line":10,"column":69},"end":{"line":11,"column":6}}},"1":{"name":"(anonymous_5)","decl":{"start":{"line":13,"column":2},"end":{"line":13,"column":7}},"loc":{"start":{"line":18,"column":3},"end":{"line":20,"column":3}}},"2":{"name":"(anonymous_6)","decl":{"start":{"line":22,"column":2},"end":{"line":22,"column":7}},"loc":{"start":{"line":22,"column":30},"end":{"line":25,"column":3}}},"3":{"name":"(anonymous_7)","decl":{"start":{"line":27,"column":2},"end":{"line":27,"column":7}},"loc":{"start":{"line":29,"column":54},"end":{"line":35,"column":3}}},"4":{"name":"(anonymous_8)","decl":{"start":{"line":36,"column":2},"end":{"line":36,"column":7}},"loc":{"start":{"line":36,"column":63},"end":{"line":38,"column":3}}}},"branchMap":{},"s":{"0":3,"1":3,"2":3,"3":3,"4":3,"5":11,"6":3,"7":3,"8":5,"9":3,"10":3,"11":3},"f":{"0":3,"1":11,"2":3,"3":5,"4":3},"b":{}}
,"/home/brian/Desktop/projects/inprogress/node/nest/academia/server/src/shared/userDTO.ts": {"path":"/home/brian/Desktop/projects/inprogress/node/nest/academia/server/src/shared/userDTO.ts","statementMap":{"0":{"start":{"line":1,"column":0},"end":{"line":1,"column":37}},"1":{"start":{"line":3,"column":13},"end":{"line":10,"column":3}}},"fnMap":{},"branchMap":{},"s":{"0":3,"1":3},"f":{},"b":{}}
}
