TN:
SF:src/app.controller.ts
FN:6,(anonymous_2)
FN:9,(anonymous_3)
FNF:2
FNH:2
FNDA:1,(anonymous_2)
FNDA:1,(anonymous_3)
DA:1,1
DA:2,1
DA:5,1
DA:6,1
DA:9,1
DA:10,1
LF:6
LH:6
BRF:0
BRH:0
end_of_record
TN:
SF:src/app.service.ts
FN:5,(anonymous_1)
FNF:1
FNH:1
FNDA:1,(anonymous_1)
DA:1,1
DA:4,1
DA:6,1
LF:3
LH:3
BRF:0
BRH:0
end_of_record
TN:
SF:src/auth/auth.repository.ts
FN:11,(anonymous_2)
FN:19,(anonymous_3)
FN:40,(anonymous_4)
FN:45,(anonymous_5)
FN:49,(anonymous_6)
FN:58,(anonymous_7)
FN:61,(anonymous_8)
FN:64,(anonymous_9)
FN:67,(anonymous_10)
FNF:9
FNH:4
FNDA:2,(anonymous_2)
FNDA:3,(anonymous_3)
FNDA:4,(anonymous_4)
FNDA:0,(anonymous_5)
FNDA:3,(anonymous_6)
FNDA:0,(anonymous_7)
FNDA:0,(anonymous_8)
FNDA:0,(anonymous_9)
FNDA:0,(anonymous_10)
DA:2,2
DA:3,2
DA:4,2
DA:6,2
DA:9,2
DA:11,2
DA:13,2
DA:20,3
DA:22,3
DA:24,3
DA:25,1
DA:27,2
DA:29,2
DA:33,2
DA:35,2
DA:41,4
DA:46,0
DA:47,0
DA:50,3
DA:51,3
DA:52,3
DA:53,2
DA:54,2
DA:55,2
DA:56,2
DA:59,0
DA:62,0
DA:65,0
DA:68,0
DA:71,2
LF:30
LH:24
BRDA:13,0,0,2
BRDA:13,0,1,2
BRDA:24,1,0,1
BRDA:24,1,1,2
BRDA:53,2,0,0
BRDA:53,2,1,2
BRF:6
BRH:5
end_of_record
TN:
SF:src/auth/auth.service.ts
FN:7,(anonymous_2)
FN:8,(anonymous_3)
FN:37,(anonymous_4)
FN:41,(anonymous_5)
FNF:4
FNH:3
FNDA:1,(anonymous_2)
FNDA:1,(anonymous_3)
FNDA:1,(anonymous_4)
FNDA:0,(anonymous_5)
DA:1,1
DA:3,1
DA:6,1
DA:7,1
DA:19,1
DA:20,1
DA:21,1
DA:31,0
DA:38,1
DA:42,0
LF:10
LH:8
BRF:0
BRH:0
end_of_record
TN:
SF:src/auth/auth_data.service.ts
FN:9,(anonymous_4)
FN:13,(anonymous_5)
FN:27,(anonymous_6)
FNF:3
FNH:3
FNDA:3,(anonymous_4)
FNDA:8,(anonymous_5)
FNDA:3,(anonymous_6)
DA:1,3
DA:2,3
DA:5,3
DA:8,3
DA:10,3
DA:18,8
DA:19,8
DA:21,7
DA:23,0
DA:28,3
DA:29,3
DA:30,3
DA:32,0
LF:13
LH:11
BRF:0
BRH:0
end_of_record
TN:
SF:src/shared/userDTO.ts
FNF:0
FNH:0
DA:1,3
DA:3,3
LF:2
LH:2
BRF:0
BRH:0
end_of_record
