TN:
SF:src/app.controller.ts
FN:6,(anonymous_2)
FN:9,(anonymous_3)
FNF:2
FNH:2
FNDA:1,(anonymous_2)
FNDA:1,(anonymous_3)
DA:1,1
DA:2,1
DA:5,1
DA:6,1
DA:9,1
DA:10,1
LF:6
LH:6
BRF:0
BRH:0
end_of_record
TN:
SF:src/app.service.ts
FN:5,(anonymous_1)
FNF:1
FNH:1
FNDA:1,(anonymous_1)
DA:1,1
DA:4,1
DA:6,1
LF:3
LH:3
BRF:0
BRH:0
end_of_record
TN:
SF:src/auth/auth.repository.ts
FN:11,(anonymous_2)
FN:19,(anonymous_3)
FN:40,(anonymous_4)
FN:45,(anonymous_5)
FN:48,(anonymous_6)
FN:62,(anonymous_7)
FN:89,(anonymous_8)
FN:100,(anonymous_9)
FN:103,(anonymous_10)
FNF:9
FNH:9
FNDA:2,(anonymous_2)
FNDA:3,(anonymous_3)
FNDA:4,(anonymous_4)
FNDA:1,(anonymous_5)
FNDA:3,(anonymous_6)
FNDA:2,(anonymous_7)
FNDA:3,(anonymous_8)
FNDA:2,(anonymous_9)
FNDA:1,(anonymous_10)
DA:2,2
DA:3,2
DA:4,2
DA:6,2
DA:7,2
DA:10,2
DA:11,2
DA:13,2
DA:20,3
DA:22,3
DA:24,3
DA:25,1
DA:27,2
DA:29,2
DA:33,2
DA:35,2
DA:41,4
DA:46,1
DA:49,3
DA:50,3
DA:51,3
DA:52,3
DA:53,1
DA:57,2
DA:58,2
DA:59,2
DA:66,2
DA:67,2
DA:69,1
DA:70,1
DA:75,2
DA:76,1
DA:77,1
DA:78,1
DA:81,2
DA:83,0
DA:91,3
DA:92,3
DA:94,1
DA:100,2
DA:105,1
DA:107,1
DA:108,1
DA:109,1
DA:123,1
DA:135,2
LF:46
LH:45
BRDA:13,0,0,2
BRDA:13,0,1,2
BRDA:24,1,0,1
BRDA:24,1,1,2
BRDA:52,2,0,1
BRDA:52,2,1,2
BRDA:67,3,0,1
BRDA:67,3,1,1
BRDA:75,4,0,1
BRDA:75,4,1,1
BRDA:100,5,0,2
BRDA:100,5,1,0
BRF:12
BRH:11
end_of_record
TN:
SF:src/auth/auth.service.ts
FN:7,(anonymous_2)
FN:12,(anonymous_3)
FN:45,(anonymous_4)
FN:49,(anonymous_5)
FN:57,(anonymous_6)
FN:76,(anonymous_7)
FN:84,(anonymous_8)
FNF:7
FNH:4
FNDA:1,(anonymous_2)
FNDA:1,(anonymous_3)
FNDA:1,(anonymous_4)
FNDA:0,(anonymous_5)
FNDA:0,(anonymous_6)
FNDA:0,(anonymous_7)
FNDA:1,(anonymous_8)
DA:1,1
DA:3,1
DA:6,1
DA:7,1
DA:23,1
DA:24,1
DA:25,1
DA:35,0
DA:46,1
DA:50,0
DA:67,0
DA:77,0
DA:85,1
LF:13
LH:9
BRF:0
BRH:0
end_of_record
TN:
SF:src/auth/auth_data.service.ts
FN:9,(anonymous_4)
FN:13,(anonymous_5)
FN:22,(anonymous_6)
FN:27,(anonymous_7)
FN:36,(anonymous_8)
FNF:5
FNH:5
FNDA:3,(anonymous_4)
FNDA:11,(anonymous_5)
FNDA:3,(anonymous_6)
FNDA:5,(anonymous_7)
FNDA:3,(anonymous_8)
DA:1,3
DA:2,3
DA:5,3
DA:8,3
DA:10,3
DA:19,11
DA:23,3
DA:24,3
DA:31,5
DA:37,3
LF:10
LH:10
BRF:0
BRH:0
end_of_record
TN:
SF:src/shared/userDTO.ts
FNF:0
FNH:0
DA:1,3
DA:3,3
LF:2
LH:2
BRF:0
BRH:0
end_of_record
